This is TeX, C Version 3.0 (format=lplain3 90.4.17)  3 NOV 1992 18:36
**&latex manual.latex
(manual.latex
LaTeX Version 2.09 <24 May 1989>
(/cs/lib/tex/inputs/article.sty
Document Style `article' <16 Mar 88>.
(/cs/lib/tex/inputs/art10.sty)
\c@part=\count78
\c@section=\count79
\c@subsection=\count80
\c@subsubsection=\count81
\c@paragraph=\count82
\c@subparagraph=\count83
\c@figure=\count84
\c@table=\count85
) (/cs/lib/tex/inputs/twocolumn.sty)
(/cs/lib/tex/inputs/times.sty (/cs/lib/tex/inputs/psfonts.sty
\@cmrfam=\fam11
\@cmrscale=\count86
))
(/cs/lib/tex/inputs/psfig.tex
\@unused=\write3

psfig/tex 1.8
\ps@stream=\read0
\p@intvaluex=\dimen99
\p@intvaluey=\dimen100
)
! I can't find file `squeeze.sty'.
\@iinput #1->\@@input #1 
                         
l.39 \input{squeeze.sty}
                        
Please type another input file name: 
! I can't find file `.tex'.
\@iinput #1->\@@input #1 
                         
l.39 \input{squeeze.sty}
                        
Please type another input file name: 
! I can't find file `.tex'.
\@iinput #1->\@@input #1 
                         
l.39 \input{squeeze.sty}
                        
Please type another input file name: 
! I can't find file `.tex'.
\@iinput #1->\@@input #1 
                         
l.39 \input{squeeze.sty}
                        
Please type another input file name: 
! I can't find file `.tex'.
\@iinput #1->\@@input #1 
                         
l.39 \input{squeeze.sty}
                        
Please type another input file name: 
! Emergency stop.
\@iinput #1->\@@input #1 
                         
l.39 \input{squeeze.sty}
                        
End of file on the terminal!

 
Here is how much of TeX's memory you used:
 362 strings out of 4462
 3501 string characters out of 63262
 29284 words of memory out of 262141
 2306 multiletter control sequences out of 9500
 18996 words of font info for 72 fonts, out of 72000 for 255
 14 hyphenation exceptions out of 607
 12i,0n,15p,171b,15s stack positions out of 300i,40n,60p,3000b,4000s
No pages of output.
